<?xml version="1.0" encoding="utf-8"?><testsuites><testsuite name="pytest" errors="0" failures="0" skipped="0" tests="4" time="0.107" timestamp="2023-08-18T08:50:35.206809" hostname="alon-ThinkPad-E450"><testcase classname="tests.test_cache.TestCacheFunctions" name="test_get_from_cache_existing_key" time="0.001" /><testcase classname="tests.test_cache.TestCacheFunctions" name="test_get_from_cache_non_existing_key" time="0.001" /><testcase classname="tests.test_cache.TestCacheFunctions" name="test_put_in_cache_exceeding_capacity" time="0.003" /><testcase classname="tests.test_cache.TestCacheFunctions" name="test_put_in_cache_within_capacity" time="0.002" /></testsuite></testsuites>